<?xml version="1.0" encoding="UTF-8"?>
<testsuite name="ReqRestTests" tests="1" skipped="0" failures="0" errors="0" timestamp="2021-08-18T21:20:56" hostname="LAPTOP-JEGTMS7P" time="2.964">
  <properties/>
  <testcase name="createUserTest()" classname="ReqRestTests" time="2.964"/>
  <system-out><![CDATA[Request method:	POST
Request URI:	https://reqres.in/api/users
Proxy:			<none>
Request params:	<none>
Query params:	<none>
Form params:	<none>
Path params:	<none>
Headers:		Accept=*/*
				Content-Type=application/json; charset=UTF-8
Cookies:		<none>
Multiparts:		<none>
Body:
{
    "name": "morpheus",
    "job": "leader"
}
HTTP/1.1 201 Created
Date: Wed, 18 Aug 2021 21:20:59 GMT
Content-Type: application/json; charset=utf-8
Content-Length: 84
Connection: keep-alive
x-powered-by: Express
access-control-allow-origin: *
etag: W/"54-X3bVBek1kOETM+3FbE8On5KI4Ls"
via: 1.1 vegur
CF-Cache-Status: DYNAMIC
Expect-CT: max-age=604800, report-uri="https://report-uri.cloudflare.com/cdn-cgi/beacon/expect-ct"
Report-To: {"endpoints":[{"url":"https:\/\/a.nel.cloudflare.com\/report\/v3?s=iooGp1qV%2FUro52GJ5H4heYbwIbeQInNI%2FXnTcC2mL5gdlRSRHsXUp1EG4eVnST5Hww%2FO9tWiNg8R4k3WiWbQnlxxZJVKWrW5kzxMm4vgxKulGQISSgQggyDaI7A%3D"}],"group":"cf-nel","max_age":604800}
NEL: {"success_fraction":0,"report_to":"cf-nel","max_age":604800}
Server: cloudflare
CF-RAY: 680e307369d221ca-MIA
alt-svc: h3-27=":443"; ma=86400, h3-28=":443"; ma=86400, h3-29=":443"; ma=86400, h3=":443"; ma=86400

{
    "name": "morpheus",
    "job": "leader",
    "id": "625",
    "createdAt": "2021-08-18T21:20:59.629Z"
}
625
leader
]]></system-out>
  <system-err><![CDATA[]]></system-err>
</testsuite>
