<?xml version="1.0" encoding="UTF-8"?>
<testsuite name="ReqRestTests" tests="1" skipped="0" failures="0" errors="0" timestamp="2021-08-19T02:32:49" hostname="LAPTOP-JEGTMS7P" time="3.241">
  <properties/>
  <testcase name="registerUserTest()" classname="ReqRestTests" time="3.241"/>
  <system-out><![CDATA[Request method:	POST
Request URI:	https://reqres.in/api/register
Proxy:			<none>
Request params:	<none>
Query params:	<none>
Form params:	<none>
Path params:	<none>
Headers:		Accept=*/*
				Content-Type=application/json; charset=UTF-8
Cookies:		<none>
Multiparts:		<none>
Body:
{
    "password": "pistol",
    "email": "eve.holt@reqres.in"
}
HTTP/1.1 200 OK
Date: Thu, 19 Aug 2021 02:32:53 GMT
Content-Type: application/json; charset=utf-8
Content-Length: 36
Connection: keep-alive
x-powered-by: Express
access-control-allow-origin: *
etag: W/"24-4iP0za1geN2he+ohu8F0FhCjLks"
via: 1.1 vegur
CF-Cache-Status: DYNAMIC
Expect-CT: max-age=604800, report-uri="https://report-uri.cloudflare.com/cdn-cgi/beacon/expect-ct"
Report-To: {"endpoints":[{"url":"https:\/\/a.nel.cloudflare.com\/report\/v3?s=ZAtmzDs3bM1wz%2FKv%2FnbofRDd7B%2BY9%2FdjOHTFasaM4lLaK4oIgcifCdxsSCc1RhIfwh4SeXG1OozmX1fBWN%2Fot78agzd%2B8i4NpVfy1xDIlKePDzstK4hOFk9aRZk%3D"}],"group":"cf-nel","max_age":604800}
NEL: {"success_fraction":0,"report_to":"cf-nel","max_age":604800}
Server: cloudflare
CF-RAY: 680ff952af2a128f-MIA
alt-svc: h3-27=":443"; ma=86400, h3-28=":443"; ma=86400, h3-29=":443"; ma=86400, h3=":443"; ma=86400

{
    "id": 4,
    "token": "QpwL5tke4Pnpja7X4"
}
]]></system-out>
  <system-err><![CDATA[]]></system-err>
</testsuite>
